<?xml version="1.0" encoding="UTF-8"?>
<testsuite name="OdontologoServiceTest" tests="4" skipped="0" failures="0" errors="0" timestamp="2022-11-03T23:56:36" hostname="ARI-DELL" time="1.678">
  <properties/>
  <testcase name="WHEN a odontologo object is created THEN it can be found and positively compared using the newly generated Id" classname="OdontologoServiceTest" time="1.396"/>
  <testcase name="WHEN a odontologo object is updated THEN it has the right params" classname="OdontologoServiceTest" time="0.229"/>
  <testcase name="WHEN a odontologo object is deleted THEN it can not  be found in the Database" classname="OdontologoServiceTest" time="0.009"/>
  <testcase name="WHEN a random  number of odontologo objects are added to a clean database the returned rows of buscarTodos equals the number of added records" classname="OdontologoServiceTest" time="0.04"/>
  <system-out><![CDATA[20:56:37.962 [Test worker] INFO  com.digitalhouse.ej1.repository.OdontologoDAOH2 - Agregando Odontologo
Thomas
20:56:38.032 [Test worker] INFO  com.digitalhouse.ej1.repository.OdontologoDAOH2 - Odontologo encontrado
20:56:38.333 [Test worker] INFO  com.digitalhouse.ej1.repository.OdontologoDAOH2 - Registro actualizado
20:56:38.361 [Test worker] INFO  com.digitalhouse.ej1.repository.OdontologoDAOH2 - Agregando Odontologo
20:56:38.363 [Test worker] INFO  com.digitalhouse.ej1.repository.OdontologoDAOH2 - Registro borrado
20:56:38.382 [Test worker] INFO  com.digitalhouse.ej1.repository.OdontologoDAOH2 - Agregando Odontologo
20:56:38.389 [Test worker] INFO  com.digitalhouse.ej1.repository.OdontologoDAOH2 - Agregando Odontologo
20:56:38.394 [Test worker] INFO  com.digitalhouse.ej1.repository.OdontologoDAOH2 - Agregando Odontologo
20:56:38.398 [Test worker] INFO  com.digitalhouse.ej1.repository.OdontologoDAOH2 - Agregando Odontologo
20:56:38.400 [Test worker] INFO  com.digitalhouse.ej1.repository.OdontologoDAOH2 - Agregando Odontologo
20:56:38.402 [Test worker] INFO  com.digitalhouse.ej1.repository.OdontologoDAOH2 - Agregando Odontologo
20:56:38.404 [Test worker] INFO  com.digitalhouse.ej1.repository.OdontologoDAOH2 - Agregando Odontologo
20:56:38.407 [Test worker] INFO  com.digitalhouse.ej1.repository.OdontologoDAOH2 - consulta sobre todos los registros realizada
]]></system-out>
  <system-err><![CDATA[]]></system-err>
</testsuite>
